{"/Users/gordonball/rithm/exercises/Node/express-jobly/app.js": {"path":"/Users/gordonball/rithm/exercises/Node/express-jobly/app.js","statementMap":{"0":{"start":{"line":5,"column":16},"end":{"line":5,"column":34}},"1":{"start":{"line":6,"column":13},"end":{"line":6,"column":28}},"2":{"start":{"line":8,"column":26},"end":{"line":8,"column":51}},"3":{"start":{"line":10,"column":28},"end":{"line":10,"column":56}},"4":{"start":{"line":11,"column":19},"end":{"line":11,"column":43}},"5":{"start":{"line":12,"column":24},"end":{"line":12,"column":53}},"6":{"start":{"line":13,"column":20},"end":{"line":13,"column":45}},"7":{"start":{"line":15,"column":15},"end":{"line":15,"column":32}},"8":{"start":{"line":17,"column":12},"end":{"line":17,"column":21}},"9":{"start":{"line":19,"column":0},"end":{"line":19,"column":16}},"10":{"start":{"line":20,"column":0},"end":{"line":20,"column":24}},"11":{"start":{"line":21,"column":0},"end":{"line":21,"column":24}},"12":{"start":{"line":22,"column":0},"end":{"line":22,"column":25}},"13":{"start":{"line":24,"column":0},"end":{"line":24,"column":29}},"14":{"start":{"line":25,"column":0},"end":{"line":25,"column":39}},"15":{"start":{"line":26,"column":0},"end":{"line":26,"column":31}},"16":{"start":{"line":29,"column":0},"end":{"line":31,"column":3}},"17":{"start":{"line":30,"column":2},"end":{"line":30,"column":28}},"18":{"start":{"line":34,"column":0},"end":{"line":42,"column":3}},"19":{"start":{"line":35,"column":2},"end":{"line":35,"column":64}},"20":{"start":{"line":35,"column":39},"end":{"line":35,"column":64}},"21":{"start":{"line":36,"column":17},"end":{"line":36,"column":34}},"22":{"start":{"line":37,"column":18},"end":{"line":37,"column":29}},"23":{"start":{"line":39,"column":2},"end":{"line":41,"column":5}},"24":{"start":{"line":44,"column":0},"end":{"line":44,"column":21}}},"fnMap":{"0":{"name":"(anonymous_0)","decl":{"start":{"line":29,"column":8},"end":{"line":29,"column":9}},"loc":{"start":{"line":29,"column":34},"end":{"line":31,"column":1}},"line":29},"1":{"name":"(anonymous_1)","decl":{"start":{"line":34,"column":8},"end":{"line":34,"column":9}},"loc":{"start":{"line":34,"column":39},"end":{"line":42,"column":1}},"line":34}},"branchMap":{"0":{"loc":{"start":{"line":35,"column":2},"end":{"line":35,"column":64}},"type":"if","locations":[{"start":{"line":35,"column":2},"end":{"line":35,"column":64}},{"start":{},"end":{}}],"line":35},"1":{"loc":{"start":{"line":36,"column":17},"end":{"line":36,"column":34}},"type":"binary-expr","locations":[{"start":{"line":36,"column":17},"end":{"line":36,"column":27}},{"start":{"line":36,"column":31},"end":{"line":36,"column":34}}],"line":36}},"s":{"0":1,"1":1,"2":1,"3":1,"4":1,"5":1,"6":1,"7":1,"8":1,"9":1,"10":1,"11":1,"12":1,"13":1,"14":1,"15":1,"16":1,"17":0,"18":1,"19":17,"20":0,"21":17,"22":17,"23":17,"24":1},"f":{"0":0,"1":17},"b":{"0":[0,17],"1":[17,1]},"_coverageSchema":"1a1c01bbd47fc00a2c39e90264f33305004495a9","hash":"d37663fe8a32441c5700bdeb37232cc1d490b998"}
,"/Users/gordonball/rithm/exercises/Node/express-jobly/config.js": {"path":"/Users/gordonball/rithm/exercises/Node/express-jobly/config.js","statementMap":{"0":{"start":{"line":5,"column":0},"end":{"line":5,"column":27}},"1":{"start":{"line":6,"column":0},"end":{"line":6,"column":18}},"2":{"start":{"line":8,"column":19},"end":{"line":8,"column":57}},"3":{"start":{"line":10,"column":13},"end":{"line":10,"column":38}},"4":{"start":{"line":14,"column":2},"end":{"line":16,"column":39}},"5":{"start":{"line":22,"column":27},"end":{"line":22,"column":67}},"6":{"start":{"line":24,"column":0},"end":{"line":24,"column":35}},"7":{"start":{"line":25,"column":0},"end":{"line":25,"column":46}},"8":{"start":{"line":26,"column":0},"end":{"line":26,"column":45}},"9":{"start":{"line":27,"column":0},"end":{"line":27,"column":61}},"10":{"start":{"line":28,"column":0},"end":{"line":28,"column":50}},"11":{"start":{"line":29,"column":0},"end":{"line":29,"column":19}},"12":{"start":{"line":31,"column":0},"end":{"line":36,"column":2}}},"fnMap":{"0":{"name":"getDatabaseUri","decl":{"start":{"line":13,"column":9},"end":{"line":13,"column":23}},"loc":{"start":{"line":13,"column":26},"end":{"line":17,"column":1}},"line":13}},"branchMap":{"0":{"loc":{"start":{"line":8,"column":19},"end":{"line":8,"column":57}},"type":"binary-expr","locations":[{"start":{"line":8,"column":19},"end":{"line":8,"column":41}},{"start":{"line":8,"column":45},"end":{"line":8,"column":57}}],"line":8},"1":{"loc":{"start":{"line":10,"column":13},"end":{"line":10,"column":38}},"type":"binary-expr","locations":[{"start":{"line":10,"column":13},"end":{"line":10,"column":30}},{"start":{"line":10,"column":34},"end":{"line":10,"column":38}}],"line":10},"2":{"loc":{"start":{"line":14,"column":9},"end":{"line":16,"column":38}},"type":"cond-expr","locations":[{"start":{"line":15,"column":6},"end":{"line":15,"column":48}},{"start":{"line":16,"column":6},"end":{"line":16,"column":38}}],"line":14},"3":{"loc":{"start":{"line":15,"column":6},"end":{"line":15,"column":48}},"type":"binary-expr","locations":[{"start":{"line":15,"column":6},"end":{"line":15,"column":32}},{"start":{"line":15,"column":36},"end":{"line":15,"column":48}}],"line":15},"4":{"loc":{"start":{"line":16,"column":6},"end":{"line":16,"column":38}},"type":"binary-expr","locations":[{"start":{"line":16,"column":6},"end":{"line":16,"column":27}},{"start":{"line":16,"column":31},"end":{"line":16,"column":38}}],"line":16},"5":{"loc":{"start":{"line":22,"column":27},"end":{"line":22,"column":67}},"type":"cond-expr","locations":[{"start":{"line":22,"column":61},"end":{"line":22,"column":62}},{"start":{"line":22,"column":65},"end":{"line":22,"column":67}}],"line":22}},"s":{"0":1,"1":1,"2":1,"3":1,"4":2,"5":1,"6":1,"7":1,"8":1,"9":1,"10":1,"11":1,"12":1},"f":{"0":2},"b":{"0":[1,1],"1":[1,1],"2":[2,0],"3":[2,2],"4":[0,0],"5":[1,0]},"_coverageSchema":"1a1c01bbd47fc00a2c39e90264f33305004495a9","hash":"9ad33eb452e91cb403d83077ad9c982babb25208"}
,"/Users/gordonball/rithm/exercises/Node/express-jobly/db.js": {"path":"/Users/gordonball/rithm/exercises/Node/express-jobly/db.js","statementMap":{"0":{"start":{"line":5,"column":19},"end":{"line":5,"column":32}},"1":{"start":{"line":6,"column":27},"end":{"line":6,"column":46}},"2":{"start":{"line":8,"column":11},"end":{"line":10,"column":2}},"3":{"start":{"line":12,"column":0},"end":{"line":12,"column":13}},"4":{"start":{"line":14,"column":0},"end":{"line":14,"column":20}}},"fnMap":{},"branchMap":{},"s":{"0":1,"1":1,"2":1,"3":1,"4":1},"f":{},"b":{},"_coverageSchema":"1a1c01bbd47fc00a2c39e90264f33305004495a9","hash":"3690c48f4ab138c4f9731a3d6d6b22ef8ee1c5fd"}
,"/Users/gordonball/rithm/exercises/Node/express-jobly/expressError.js": {"path":"/Users/gordonball/rithm/exercises/Node/express-jobly/expressError.js","statementMap":{"0":{"start":{"line":9,"column":4},"end":{"line":9,"column":12}},"1":{"start":{"line":10,"column":4},"end":{"line":10,"column":27}},"2":{"start":{"line":11,"column":4},"end":{"line":11,"column":25}},"3":{"start":{"line":19,"column":4},"end":{"line":19,"column":24}},"4":{"start":{"line":27,"column":4},"end":{"line":27,"column":24}},"5":{"start":{"line":35,"column":4},"end":{"line":35,"column":24}},"6":{"start":{"line":43,"column":4},"end":{"line":43,"column":24}},"7":{"start":{"line":47,"column":0},"end":{"line":53,"column":2}}},"fnMap":{"0":{"name":"(anonymous_0)","decl":{"start":{"line":8,"column":2},"end":{"line":8,"column":3}},"loc":{"start":{"line":8,"column":31},"end":{"line":12,"column":3}},"line":8},"1":{"name":"(anonymous_1)","decl":{"start":{"line":18,"column":2},"end":{"line":18,"column":3}},"loc":{"start":{"line":18,"column":37},"end":{"line":20,"column":3}},"line":18},"2":{"name":"(anonymous_2)","decl":{"start":{"line":26,"column":2},"end":{"line":26,"column":3}},"loc":{"start":{"line":26,"column":40},"end":{"line":28,"column":3}},"line":26},"3":{"name":"(anonymous_3)","decl":{"start":{"line":34,"column":2},"end":{"line":34,"column":3}},"loc":{"start":{"line":34,"column":39},"end":{"line":36,"column":3}},"line":34},"4":{"name":"(anonymous_4)","decl":{"start":{"line":42,"column":2},"end":{"line":42,"column":3}},"loc":{"start":{"line":42,"column":39},"end":{"line":44,"column":3}},"line":42}},"branchMap":{"0":{"loc":{"start":{"line":18,"column":14},"end":{"line":18,"column":35}},"type":"default-arg","locations":[{"start":{"line":18,"column":24},"end":{"line":18,"column":35}}],"line":18},"1":{"loc":{"start":{"line":26,"column":14},"end":{"line":26,"column":38}},"type":"default-arg","locations":[{"start":{"line":26,"column":24},"end":{"line":26,"column":38}}],"line":26},"2":{"loc":{"start":{"line":34,"column":14},"end":{"line":34,"column":37}},"type":"default-arg","locations":[{"start":{"line":34,"column":24},"end":{"line":34,"column":37}}],"line":34},"3":{"loc":{"start":{"line":42,"column":14},"end":{"line":42,"column":37}},"type":"default-arg","locations":[{"start":{"line":42,"column":24},"end":{"line":42,"column":37}}],"line":42}},"s":{"0":16,"1":16,"2":16,"3":3,"4":10,"5":3,"6":0,"7":1},"f":{"0":16,"1":3,"2":10,"3":3,"4":0},"b":{"0":[0],"1":[10],"2":[0],"3":[0]},"_coverageSchema":"1a1c01bbd47fc00a2c39e90264f33305004495a9","hash":"6fd8fe2a9f6b38d230825e44bd33282e4a01d12b"}
,"/Users/gordonball/rithm/exercises/Node/express-jobly/helpers/makeWhere.js": {"path":"/Users/gordonball/rithm/exercises/Node/express-jobly/helpers/makeWhere.js","statementMap":{"0":{"start":{"line":10,"column":10},"end":{"line":10,"column":11}},"1":{"start":{"line":11,"column":21},"end":{"line":11,"column":23}},"2":{"start":{"line":12,"column":20},"end":{"line":12,"column":29}},"3":{"start":{"line":14,"column":2},"end":{"line":18,"column":3}},"4":{"start":{"line":15,"column":4},"end":{"line":15,"column":41}},"5":{"start":{"line":16,"column":4},"end":{"line":16,"column":8}},"6":{"start":{"line":17,"column":4},"end":{"line":17,"column":42}},"7":{"start":{"line":19,"column":2},"end":{"line":23,"column":3}},"8":{"start":{"line":20,"column":4},"end":{"line":20,"column":47}},"9":{"start":{"line":21,"column":4},"end":{"line":21,"column":8}},"10":{"start":{"line":22,"column":4},"end":{"line":22,"column":44}},"11":{"start":{"line":24,"column":2},"end":{"line":28,"column":3}},"12":{"start":{"line":25,"column":4},"end":{"line":25,"column":47}},"13":{"start":{"line":26,"column":4},"end":{"line":26,"column":8}},"14":{"start":{"line":27,"column":4},"end":{"line":27,"column":44}},"15":{"start":{"line":30,"column":2},"end":{"line":30,"column":69}},"16":{"start":{"line":33,"column":0},"end":{"line":33,"column":31}}},"fnMap":{"0":{"name":"makeWhere","decl":{"start":{"line":9,"column":9},"end":{"line":9,"column":18}},"loc":{"start":{"line":9,"column":61},"end":{"line":31,"column":1}},"line":9}},"branchMap":{"0":{"loc":{"start":{"line":14,"column":2},"end":{"line":18,"column":3}},"type":"if","locations":[{"start":{"line":14,"column":2},"end":{"line":18,"column":3}},{"start":{},"end":{}}],"line":14},"1":{"loc":{"start":{"line":14,"column":6},"end":{"line":14,"column":51}},"type":"binary-expr","locations":[{"start":{"line":14,"column":6},"end":{"line":14,"column":28}},{"start":{"line":14,"column":32},"end":{"line":14,"column":51}}],"line":14},"2":{"loc":{"start":{"line":19,"column":2},"end":{"line":23,"column":3}},"type":"if","locations":[{"start":{"line":19,"column":2},"end":{"line":23,"column":3}},{"start":{},"end":{}}],"line":19},"3":{"loc":{"start":{"line":24,"column":2},"end":{"line":28,"column":3}},"type":"if","locations":[{"start":{"line":24,"column":2},"end":{"line":28,"column":3}},{"start":{},"end":{}}],"line":24}},"s":{"0":0,"1":0,"2":0,"3":0,"4":0,"5":0,"6":0,"7":0,"8":0,"9":0,"10":0,"11":0,"12":0,"13":0,"14":0,"15":0,"16":1},"f":{"0":0},"b":{"0":[0,0],"1":[0,0],"2":[0,0],"3":[0,0]},"_coverageSchema":"1a1c01bbd47fc00a2c39e90264f33305004495a9","hash":"4f3775cf4b9a08fd3782e1cde47eeab2c2414db3"}
,"/Users/gordonball/rithm/exercises/Node/express-jobly/helpers/sql.js": {"path":"/Users/gordonball/rithm/exercises/Node/express-jobly/helpers/sql.js","statementMap":{"0":{"start":{"line":1,"column":28},"end":{"line":1,"column":54}},"1":{"start":{"line":16,"column":15},"end":{"line":16,"column":40}},"2":{"start":{"line":17,"column":2},"end":{"line":17,"column":62}},"3":{"start":{"line":17,"column":25},"end":{"line":17,"column":62}},"4":{"start":{"line":20,"column":15},"end":{"line":22,"column":3}},"5":{"start":{"line":21,"column":22},"end":{"line":21,"column":68}},"6":{"start":{"line":24,"column":2},"end":{"line":27,"column":4}},"7":{"start":{"line":30,"column":0},"end":{"line":30,"column":41}}},"fnMap":{"0":{"name":"sqlForPartialUpdate","decl":{"start":{"line":15,"column":9},"end":{"line":15,"column":28}},"loc":{"start":{"line":15,"column":52},"end":{"line":28,"column":1}},"line":15},"1":{"name":"(anonymous_1)","decl":{"start":{"line":21,"column":4},"end":{"line":21,"column":5}},"loc":{"start":{"line":21,"column":22},"end":{"line":21,"column":68}},"line":21}},"branchMap":{"0":{"loc":{"start":{"line":17,"column":2},"end":{"line":17,"column":62}},"type":"if","locations":[{"start":{"line":17,"column":2},"end":{"line":17,"column":62}},{"start":{},"end":{}}],"line":17},"1":{"loc":{"start":{"line":21,"column":26},"end":{"line":21,"column":53}},"type":"binary-expr","locations":[{"start":{"line":21,"column":26},"end":{"line":21,"column":42}},{"start":{"line":21,"column":46},"end":{"line":21,"column":53}}],"line":21}},"s":{"0":1,"1":3,"2":3,"3":0,"4":3,"5":3,"6":3,"7":1},"f":{"0":3,"1":3},"b":{"0":[0,3],"1":[3,1]},"_coverageSchema":"1a1c01bbd47fc00a2c39e90264f33305004495a9","hash":"e43c3db763aeb0bba93d102d3b706b6fcabfb1c5"}
,"/Users/gordonball/rithm/exercises/Node/express-jobly/helpers/tokens.js": {"path":"/Users/gordonball/rithm/exercises/Node/express-jobly/helpers/tokens.js","statementMap":{"0":{"start":{"line":1,"column":12},"end":{"line":1,"column":35}},"1":{"start":{"line":2,"column":23},"end":{"line":2,"column":43}},"2":{"start":{"line":7,"column":2},"end":{"line":8,"column":58}},"3":{"start":{"line":10,"column":16},"end":{"line":13,"column":3}},"4":{"start":{"line":15,"column":2},"end":{"line":15,"column":39}},"5":{"start":{"line":18,"column":0},"end":{"line":18,"column":33}}},"fnMap":{"0":{"name":"createToken","decl":{"start":{"line":6,"column":9},"end":{"line":6,"column":20}},"loc":{"start":{"line":6,"column":27},"end":{"line":16,"column":1}},"line":6}},"branchMap":{"0":{"loc":{"start":{"line":12,"column":13},"end":{"line":12,"column":34}},"type":"binary-expr","locations":[{"start":{"line":12,"column":13},"end":{"line":12,"column":25}},{"start":{"line":12,"column":29},"end":{"line":12,"column":34}}],"line":12}},"s":{"0":1,"1":1,"2":4,"3":4,"4":4,"5":1},"f":{"0":4},"b":{"0":[4,2]},"_coverageSchema":"1a1c01bbd47fc00a2c39e90264f33305004495a9","hash":"b9ed8f2226ca41b2497abd6222f99ec9db06fea9"}
,"/Users/gordonball/rithm/exercises/Node/express-jobly/middleware/auth.js": {"path":"/Users/gordonball/rithm/exercises/Node/express-jobly/middleware/auth.js","statementMap":{"0":{"start":{"line":5,"column":12},"end":{"line":5,"column":35}},"1":{"start":{"line":6,"column":23},"end":{"line":6,"column":43}},"2":{"start":{"line":7,"column":30},"end":{"line":7,"column":56}},"3":{"start":{"line":18,"column":2},"end":{"line":27,"column":3}},"4":{"start":{"line":19,"column":23},"end":{"line":19,"column":63}},"5":{"start":{"line":20,"column":4},"end":{"line":23,"column":5}},"6":{"start":{"line":21,"column":20},"end":{"line":21,"column":64}},"7":{"start":{"line":22,"column":6},"end":{"line":22,"column":54}},"8":{"start":{"line":24,"column":4},"end":{"line":24,"column":18}},"9":{"start":{"line":26,"column":4},"end":{"line":26,"column":18}},"10":{"start":{"line":36,"column":2},"end":{"line":36,"column":54}},"11":{"start":{"line":36,"column":24},"end":{"line":36,"column":54}},"12":{"start":{"line":37,"column":2},"end":{"line":37,"column":16}},"13":{"start":{"line":46,"column":2},"end":{"line":46,"column":54}},"14":{"start":{"line":46,"column":24},"end":{"line":46,"column":54}},"15":{"start":{"line":48,"column":2},"end":{"line":52,"column":3}},"16":{"start":{"line":51,"column":4},"end":{"line":51,"column":34}},"17":{"start":{"line":53,"column":2},"end":{"line":53,"column":16}},"18":{"start":{"line":79,"column":2},"end":{"line":81,"column":3}},"19":{"start":{"line":80,"column":4},"end":{"line":80,"column":34}},"20":{"start":{"line":83,"column":2},"end":{"line":90,"column":3}},"21":{"start":{"line":89,"column":4},"end":{"line":89,"column":34}},"22":{"start":{"line":92,"column":2},"end":{"line":92,"column":16}},"23":{"start":{"line":95,"column":0},"end":{"line":100,"column":2}}},"fnMap":{"0":{"name":"authenticateJWT","decl":{"start":{"line":17,"column":9},"end":{"line":17,"column":24}},"loc":{"start":{"line":17,"column":41},"end":{"line":28,"column":1}},"line":17},"1":{"name":"ensureLoggedIn","decl":{"start":{"line":35,"column":9},"end":{"line":35,"column":23}},"loc":{"start":{"line":35,"column":40},"end":{"line":38,"column":1}},"line":35},"2":{"name":"ensureIsAdmin","decl":{"start":{"line":45,"column":9},"end":{"line":45,"column":22}},"loc":{"start":{"line":45,"column":39},"end":{"line":54,"column":1}},"line":45},"3":{"name":"ensureAdminOrSameUser","decl":{"start":{"line":78,"column":9},"end":{"line":78,"column":30}},"loc":{"start":{"line":78,"column":47},"end":{"line":93,"column":1}},"line":78}},"branchMap":{"0":{"loc":{"start":{"line":19,"column":23},"end":{"line":19,"column":63}},"type":"binary-expr","locations":[{"start":{"line":19,"column":23},"end":{"line":19,"column":34}},{"start":{"line":19,"column":38},"end":{"line":19,"column":63}}],"line":19},"1":{"loc":{"start":{"line":20,"column":4},"end":{"line":23,"column":5}},"type":"if","locations":[{"start":{"line":20,"column":4},"end":{"line":23,"column":5}},{"start":{},"end":{}}],"line":20},"2":{"loc":{"start":{"line":36,"column":2},"end":{"line":36,"column":54}},"type":"if","locations":[{"start":{"line":36,"column":2},"end":{"line":36,"column":54}},{"start":{},"end":{}}],"line":36},"3":{"loc":{"start":{"line":46,"column":2},"end":{"line":46,"column":54}},"type":"if","locations":[{"start":{"line":46,"column":2},"end":{"line":46,"column":54}},{"start":{},"end":{}}],"line":46},"4":{"loc":{"start":{"line":48,"column":2},"end":{"line":52,"column":3}},"type":"if","locations":[{"start":{"line":48,"column":2},"end":{"line":52,"column":3}},{"start":{},"end":{}}],"line":48},"5":{"loc":{"start":{"line":79,"column":2},"end":{"line":81,"column":3}},"type":"if","locations":[{"start":{"line":79,"column":2},"end":{"line":81,"column":3}},{"start":{},"end":{}}],"line":79},"6":{"loc":{"start":{"line":83,"column":2},"end":{"line":90,"column":3}},"type":"if","locations":[{"start":{"line":83,"column":2},"end":{"line":90,"column":3}},{"start":{},"end":{}}],"line":83},"7":{"loc":{"start":{"line":85,"column":6},"end":{"line":86,"column":54}},"type":"binary-expr","locations":[{"start":{"line":85,"column":6},"end":{"line":85,"column":38}},{"start":{"line":86,"column":6},"end":{"line":86,"column":54}}],"line":85}},"s":{"0":1,"1":1,"2":1,"3":28,"4":28,"5":28,"6":23,"7":23,"8":28,"9":0,"10":0,"11":0,"12":0,"13":9,"14":2,"15":7,"16":1,"17":6,"18":19,"19":3,"20":16,"21":4,"22":12,"23":1},"f":{"0":28,"1":0,"2":9,"3":19},"b":{"0":[28,28],"1":[23,5],"2":[0,0],"3":[2,7],"4":[1,6],"5":[3,16],"6":[4,12],"7":[16,7]},"_coverageSchema":"1a1c01bbd47fc00a2c39e90264f33305004495a9","hash":"53bd8be024475f77d61219c2d6013c18046e88d4"}
,"/Users/gordonball/rithm/exercises/Node/express-jobly/models/company.js": {"path":"/Users/gordonball/rithm/exercises/Node/express-jobly/models/company.js","statementMap":{"0":{"start":{"line":3,"column":11},"end":{"line":3,"column":27}},"1":{"start":{"line":4,"column":43},"end":{"line":4,"column":69}},"2":{"start":{"line":5,"column":22},"end":{"line":5,"column":53}},"3":{"start":{"line":6,"column":32},"end":{"line":6,"column":57}},"4":{"start":{"line":21,"column":27},"end":{"line":26,"column":5}},"5":{"start":{"line":28,"column":4},"end":{"line":29,"column":64}},"6":{"start":{"line":29,"column":6},"end":{"line":29,"column":64}},"7":{"start":{"line":31,"column":19},"end":{"line":42,"column":5}},"8":{"start":{"line":43,"column":20},"end":{"line":43,"column":34}},"9":{"start":{"line":45,"column":4},"end":{"line":45,"column":19}},"10":{"start":{"line":54,"column":25},"end":{"line":62,"column":5}},"11":{"start":{"line":63,"column":4},"end":{"line":63,"column":29}},"12":{"start":{"line":75,"column":23},"end":{"line":84,"column":5}},"13":{"start":{"line":86,"column":20},"end":{"line":86,"column":38}},"14":{"start":{"line":88,"column":4},"end":{"line":88,"column":67}},"15":{"start":{"line":88,"column":18},"end":{"line":88,"column":67}},"16":{"start":{"line":90,"column":4},"end":{"line":90,"column":19}},"17":{"start":{"line":106,"column":32},"end":{"line":109,"column":6}},"18":{"start":{"line":110,"column":25},"end":{"line":110,"column":50}},"19":{"start":{"line":112,"column":21},"end":{"line":116,"column":100}},"20":{"start":{"line":117,"column":19},"end":{"line":117,"column":64}},"21":{"start":{"line":118,"column":20},"end":{"line":118,"column":34}},"22":{"start":{"line":120,"column":4},"end":{"line":120,"column":67}},"23":{"start":{"line":120,"column":18},"end":{"line":120,"column":67}},"24":{"start":{"line":122,"column":4},"end":{"line":122,"column":19}},"25":{"start":{"line":131,"column":19},"end":{"line":137,"column":5}},"26":{"start":{"line":138,"column":20},"end":{"line":138,"column":34}},"27":{"start":{"line":140,"column":4},"end":{"line":140,"column":67}},"28":{"start":{"line":140,"column":18},"end":{"line":140,"column":67}},"29":{"start":{"line":147,"column":38},"end":{"line":151,"column":6}},"30":{"start":{"line":153,"column":4},"end":{"line":153,"column":33}},"31":{"start":{"line":155,"column":25},"end":{"line":165,"column":5}},"32":{"start":{"line":167,"column":4},"end":{"line":167,"column":29}},"33":{"start":{"line":171,"column":0},"end":{"line":171,"column":25}}},"fnMap":{"0":{"name":"(anonymous_0)","decl":{"start":{"line":20,"column":2},"end":{"line":20,"column":3}},"loc":{"start":{"line":20,"column":76},"end":{"line":46,"column":3}},"line":20},"1":{"name":"(anonymous_1)","decl":{"start":{"line":53,"column":2},"end":{"line":53,"column":3}},"loc":{"start":{"line":53,"column":25},"end":{"line":64,"column":3}},"line":53},"2":{"name":"(anonymous_2)","decl":{"start":{"line":74,"column":2},"end":{"line":74,"column":3}},"loc":{"start":{"line":74,"column":27},"end":{"line":91,"column":3}},"line":74},"3":{"name":"(anonymous_3)","decl":{"start":{"line":105,"column":2},"end":{"line":105,"column":3}},"loc":{"start":{"line":105,"column":36},"end":{"line":123,"column":3}},"line":105},"4":{"name":"(anonymous_4)","decl":{"start":{"line":130,"column":2},"end":{"line":130,"column":3}},"loc":{"start":{"line":130,"column":30},"end":{"line":141,"column":3}},"line":130},"5":{"name":"(anonymous_5)","decl":{"start":{"line":146,"column":2},"end":{"line":146,"column":3}},"loc":{"start":{"line":146,"column":64},"end":{"line":168,"column":3}},"line":146}},"branchMap":{"0":{"loc":{"start":{"line":28,"column":4},"end":{"line":29,"column":64}},"type":"if","locations":[{"start":{"line":28,"column":4},"end":{"line":29,"column":64}},{"start":{},"end":{}}],"line":28},"1":{"loc":{"start":{"line":88,"column":4},"end":{"line":88,"column":67}},"type":"if","locations":[{"start":{"line":88,"column":4},"end":{"line":88,"column":67}},{"start":{},"end":{}}],"line":88},"2":{"loc":{"start":{"line":120,"column":4},"end":{"line":120,"column":67}},"type":"if","locations":[{"start":{"line":120,"column":4},"end":{"line":120,"column":67}},{"start":{},"end":{}}],"line":120},"3":{"loc":{"start":{"line":140,"column":4},"end":{"line":140,"column":67}},"type":"if","locations":[{"start":{"line":140,"column":4},"end":{"line":140,"column":67}},{"start":{},"end":{}}],"line":140}},"s":{"0":1,"1":1,"2":1,"3":1,"4":3,"5":3,"6":0,"7":3,"8":3,"9":3,"10":0,"11":0,"12":0,"13":0,"14":0,"15":0,"16":0,"17":0,"18":0,"19":0,"20":0,"21":0,"22":0,"23":0,"24":0,"25":0,"26":0,"27":0,"28":0,"29":0,"30":0,"31":0,"32":0,"33":1},"f":{"0":3,"1":0,"2":0,"3":0,"4":0,"5":0},"b":{"0":[0,3],"1":[0,0],"2":[0,0],"3":[0,0]},"_coverageSchema":"1a1c01bbd47fc00a2c39e90264f33305004495a9","hash":"f85e69b79cd297adbcfed945f6bc51ab213e26f4"}
,"/Users/gordonball/rithm/exercises/Node/express-jobly/models/user.js": {"path":"/Users/gordonball/rithm/exercises/Node/express-jobly/models/user.js","statementMap":{"0":{"start":{"line":3,"column":11},"end":{"line":3,"column":27}},"1":{"start":{"line":4,"column":15},"end":{"line":4,"column":32}},"2":{"start":{"line":5,"column":32},"end":{"line":5,"column":57}},"3":{"start":{"line":10,"column":4},"end":{"line":10,"column":30}},"4":{"start":{"line":12,"column":31},"end":{"line":12,"column":54}},"5":{"start":{"line":26,"column":19},"end":{"line":36,"column":5}},"6":{"start":{"line":38,"column":17},"end":{"line":38,"column":31}},"7":{"start":{"line":40,"column":4},"end":{"line":47,"column":5}},"8":{"start":{"line":42,"column":22},"end":{"line":42,"column":67}},"9":{"start":{"line":43,"column":6},"end":{"line":46,"column":7}},"10":{"start":{"line":44,"column":8},"end":{"line":44,"column":29}},"11":{"start":{"line":45,"column":8},"end":{"line":45,"column":20}},"12":{"start":{"line":49,"column":4},"end":{"line":49,"column":61}},"13":{"start":{"line":61,"column":27},"end":{"line":66,"column":5}},"14":{"start":{"line":68,"column":4},"end":{"line":70,"column":5}},"15":{"start":{"line":69,"column":6},"end":{"line":69,"column":67}},"16":{"start":{"line":72,"column":27},"end":{"line":72,"column":74}},"17":{"start":{"line":74,"column":19},"end":{"line":92,"column":5}},"18":{"start":{"line":94,"column":17},"end":{"line":94,"column":31}},"19":{"start":{"line":96,"column":4},"end":{"line":96,"column":16}},"20":{"start":{"line":105,"column":19},"end":{"line":113,"column":5}},"21":{"start":{"line":115,"column":4},"end":{"line":115,"column":23}},"22":{"start":{"line":127,"column":20},"end":{"line":136,"column":5}},"23":{"start":{"line":138,"column":17},"end":{"line":138,"column":32}},"24":{"start":{"line":140,"column":4},"end":{"line":140,"column":63}},"25":{"start":{"line":140,"column":15},"end":{"line":140,"column":63}},"26":{"start":{"line":142,"column":4},"end":{"line":142,"column":16}},"27":{"start":{"line":163,"column":4},"end":{"line":165,"column":5}},"28":{"start":{"line":164,"column":6},"end":{"line":164,"column":75}},"29":{"start":{"line":167,"column":32},"end":{"line":173,"column":10}},"30":{"start":{"line":174,"column":27},"end":{"line":174,"column":52}},"31":{"start":{"line":176,"column":21},"end":{"line":183,"column":54}},"32":{"start":{"line":184,"column":19},"end":{"line":184,"column":66}},"33":{"start":{"line":185,"column":17},"end":{"line":185,"column":31}},"34":{"start":{"line":187,"column":4},"end":{"line":187,"column":63}},"35":{"start":{"line":187,"column":15},"end":{"line":187,"column":63}},"36":{"start":{"line":189,"column":4},"end":{"line":189,"column":25}},"37":{"start":{"line":190,"column":4},"end":{"line":190,"column":16}},"38":{"start":{"line":196,"column":17},"end":{"line":202,"column":5}},"39":{"start":{"line":203,"column":17},"end":{"line":203,"column":31}},"40":{"start":{"line":205,"column":4},"end":{"line":205,"column":63}},"41":{"start":{"line":205,"column":15},"end":{"line":205,"column":63}},"42":{"start":{"line":210,"column":0},"end":{"line":210,"column":22}}},"fnMap":{"0":{"name":"(anonymous_0)","decl":{"start":{"line":24,"column":2},"end":{"line":24,"column":3}},"loc":{"start":{"line":24,"column":48},"end":{"line":50,"column":3}},"line":24},"1":{"name":"(anonymous_1)","decl":{"start":{"line":59,"column":2},"end":{"line":59,"column":3}},"loc":{"start":{"line":60,"column":67},"end":{"line":97,"column":3}},"line":60},"2":{"name":"(anonymous_2)","decl":{"start":{"line":104,"column":2},"end":{"line":104,"column":3}},"loc":{"start":{"line":104,"column":25},"end":{"line":116,"column":3}},"line":104},"3":{"name":"(anonymous_3)","decl":{"start":{"line":126,"column":2},"end":{"line":126,"column":3}},"loc":{"start":{"line":126,"column":29},"end":{"line":143,"column":3}},"line":126},"4":{"name":"(anonymous_4)","decl":{"start":{"line":162,"column":2},"end":{"line":162,"column":3}},"loc":{"start":{"line":162,"column":38},"end":{"line":191,"column":3}},"line":162},"5":{"name":"(anonymous_5)","decl":{"start":{"line":195,"column":2},"end":{"line":195,"column":3}},"loc":{"start":{"line":195,"column":32},"end":{"line":206,"column":3}},"line":195}},"branchMap":{"0":{"loc":{"start":{"line":40,"column":4},"end":{"line":47,"column":5}},"type":"if","locations":[{"start":{"line":40,"column":4},"end":{"line":47,"column":5}},{"start":{},"end":{}}],"line":40},"1":{"loc":{"start":{"line":43,"column":6},"end":{"line":46,"column":7}},"type":"if","locations":[{"start":{"line":43,"column":6},"end":{"line":46,"column":7}},{"start":{},"end":{}}],"line":43},"2":{"loc":{"start":{"line":68,"column":4},"end":{"line":70,"column":5}},"type":"if","locations":[{"start":{"line":68,"column":4},"end":{"line":70,"column":5}},{"start":{},"end":{}}],"line":68},"3":{"loc":{"start":{"line":140,"column":4},"end":{"line":140,"column":63}},"type":"if","locations":[{"start":{"line":140,"column":4},"end":{"line":140,"column":63}},{"start":{},"end":{}}],"line":140},"4":{"loc":{"start":{"line":163,"column":4},"end":{"line":165,"column":5}},"type":"if","locations":[{"start":{"line":163,"column":4},"end":{"line":165,"column":5}},{"start":{},"end":{}}],"line":163},"5":{"loc":{"start":{"line":187,"column":4},"end":{"line":187,"column":63}},"type":"if","locations":[{"start":{"line":187,"column":4},"end":{"line":187,"column":63}},{"start":{},"end":{}}],"line":187},"6":{"loc":{"start":{"line":205,"column":4},"end":{"line":205,"column":63}},"type":"if","locations":[{"start":{"line":205,"column":4},"end":{"line":205,"column":63}},{"start":{},"end":{}}],"line":205}},"s":{"0":1,"1":1,"2":1,"3":1,"4":1,"5":1,"6":1,"7":1,"8":1,"9":1,"10":1,"11":1,"12":0,"13":5,"14":5,"15":0,"16":5,"17":5,"18":5,"19":5,"20":2,"21":1,"22":4,"23":4,"24":4,"25":1,"26":3,"27":3,"28":1,"29":3,"30":3,"31":3,"32":3,"33":3,"34":3,"35":1,"36":2,"37":2,"38":4,"39":4,"40":4,"41":1,"42":1},"f":{"0":1,"1":5,"2":2,"3":4,"4":3,"5":4},"b":{"0":[1,0],"1":[1,0],"2":[0,5],"3":[1,3],"4":[1,2],"5":[1,2],"6":[1,3]},"_coverageSchema":"1a1c01bbd47fc00a2c39e90264f33305004495a9","hash":"9b17c7614ffdf9ffa75e0e228826714ae4060a0b"}
,"/Users/gordonball/rithm/exercises/Node/express-jobly/routes/_testCommon.js": {"path":"/Users/gordonball/rithm/exercises/Node/express-jobly/routes/_testCommon.js","statementMap":{"0":{"start":{"line":3,"column":11},"end":{"line":3,"column":30}},"1":{"start":{"line":4,"column":13},"end":{"line":4,"column":38}},"2":{"start":{"line":5,"column":16},"end":{"line":5,"column":44}},"3":{"start":{"line":6,"column":24},"end":{"line":6,"column":52}},"4":{"start":{"line":10,"column":2},"end":{"line":10,"column":38}},"5":{"start":{"line":12,"column":2},"end":{"line":12,"column":42}},"6":{"start":{"line":14,"column":2},"end":{"line":20,"column":5}},"7":{"start":{"line":21,"column":2},"end":{"line":27,"column":5}},"8":{"start":{"line":28,"column":2},"end":{"line":34,"column":5}},"9":{"start":{"line":36,"column":2},"end":{"line":43,"column":5}},"10":{"start":{"line":44,"column":2},"end":{"line":51,"column":5}},"11":{"start":{"line":52,"column":2},"end":{"line":59,"column":5}},"12":{"start":{"line":63,"column":2},"end":{"line":63,"column":26}},"13":{"start":{"line":67,"column":2},"end":{"line":67,"column":29}},"14":{"start":{"line":71,"column":2},"end":{"line":71,"column":17}},"15":{"start":{"line":75,"column":16},"end":{"line":75,"column":62}},"16":{"start":{"line":76,"column":16},"end":{"line":76,"column":63}},"17":{"start":{"line":78,"column":0},"end":{"line":85,"column":2}}},"fnMap":{"0":{"name":"commonBeforeAll","decl":{"start":{"line":8,"column":15},"end":{"line":8,"column":30}},"loc":{"start":{"line":8,"column":33},"end":{"line":60,"column":1}},"line":8},"1":{"name":"commonBeforeEach","decl":{"start":{"line":62,"column":15},"end":{"line":62,"column":31}},"loc":{"start":{"line":62,"column":34},"end":{"line":64,"column":1}},"line":62},"2":{"name":"commonAfterEach","decl":{"start":{"line":66,"column":15},"end":{"line":66,"column":30}},"loc":{"start":{"line":66,"column":33},"end":{"line":68,"column":1}},"line":66},"3":{"name":"commonAfterAll","decl":{"start":{"line":70,"column":15},"end":{"line":70,"column":29}},"loc":{"start":{"line":70,"column":32},"end":{"line":72,"column":1}},"line":70}},"branchMap":{},"s":{"0":1,"1":1,"2":1,"3":1,"4":1,"5":1,"6":1,"7":1,"8":1,"9":1,"10":1,"11":1,"12":28,"13":28,"14":1,"15":1,"16":1,"17":1},"f":{"0":1,"1":28,"2":28,"3":1},"b":{},"_coverageSchema":"1a1c01bbd47fc00a2c39e90264f33305004495a9","hash":"7b54c60627167df59f413efaac181f046aa9eff0"}
,"/Users/gordonball/rithm/exercises/Node/express-jobly/routes/auth.js": {"path":"/Users/gordonball/rithm/exercises/Node/express-jobly/routes/auth.js","statementMap":{"0":{"start":{"line":5,"column":19},"end":{"line":5,"column":40}},"1":{"start":{"line":7,"column":13},"end":{"line":7,"column":38}},"2":{"start":{"line":8,"column":16},"end":{"line":8,"column":34}},"3":{"start":{"line":9,"column":15},"end":{"line":9,"column":35}},"4":{"start":{"line":10,"column":24},"end":{"line":10,"column":52}},"5":{"start":{"line":11,"column":23},"end":{"line":11,"column":58}},"6":{"start":{"line":12,"column":27},"end":{"line":12,"column":66}},"7":{"start":{"line":13,"column":28},"end":{"line":13,"column":54}},"8":{"start":{"line":22,"column":0},"end":{"line":37,"column":3}},"9":{"start":{"line":23,"column":20},"end":{"line":27,"column":3}},"10":{"start":{"line":28,"column":2},"end":{"line":31,"column":3}},"11":{"start":{"line":29,"column":17},"end":{"line":29,"column":51}},"12":{"start":{"line":29,"column":43},"end":{"line":29,"column":50}},"13":{"start":{"line":30,"column":4},"end":{"line":30,"column":36}},"14":{"start":{"line":33,"column":33},"end":{"line":33,"column":41}},"15":{"start":{"line":34,"column":15},"end":{"line":34,"column":58}},"16":{"start":{"line":35,"column":16},"end":{"line":35,"column":33}},"17":{"start":{"line":36,"column":2},"end":{"line":36,"column":29}},"18":{"start":{"line":49,"column":0},"end":{"line":63,"column":3}},"19":{"start":{"line":50,"column":20},"end":{"line":54,"column":3}},"20":{"start":{"line":55,"column":2},"end":{"line":58,"column":3}},"21":{"start":{"line":56,"column":17},"end":{"line":56,"column":51}},"22":{"start":{"line":56,"column":43},"end":{"line":56,"column":50}},"23":{"start":{"line":57,"column":4},"end":{"line":57,"column":36}},"24":{"start":{"line":60,"column":18},"end":{"line":60,"column":70}},"25":{"start":{"line":61,"column":16},"end":{"line":61,"column":36}},"26":{"start":{"line":62,"column":2},"end":{"line":62,"column":41}},"27":{"start":{"line":66,"column":0},"end":{"line":66,"column":24}}},"fnMap":{"0":{"name":"(anonymous_0)","decl":{"start":{"line":22,"column":22},"end":{"line":22,"column":23}},"loc":{"start":{"line":22,"column":54},"end":{"line":37,"column":1}},"line":22},"1":{"name":"(anonymous_1)","decl":{"start":{"line":29,"column":38},"end":{"line":29,"column":39}},"loc":{"start":{"line":29,"column":43},"end":{"line":29,"column":50}},"line":29},"2":{"name":"(anonymous_2)","decl":{"start":{"line":49,"column":25},"end":{"line":49,"column":26}},"loc":{"start":{"line":49,"column":57},"end":{"line":63,"column":1}},"line":49},"3":{"name":"(anonymous_3)","decl":{"start":{"line":56,"column":38},"end":{"line":56,"column":39}},"loc":{"start":{"line":56,"column":43},"end":{"line":56,"column":50}},"line":56}},"branchMap":{"0":{"loc":{"start":{"line":28,"column":2},"end":{"line":31,"column":3}},"type":"if","locations":[{"start":{"line":28,"column":2},"end":{"line":31,"column":3}},{"start":{},"end":{}}],"line":28},"1":{"loc":{"start":{"line":55,"column":2},"end":{"line":58,"column":3}},"type":"if","locations":[{"start":{"line":55,"column":2},"end":{"line":58,"column":3}},{"start":{},"end":{}}],"line":55}},"s":{"0":1,"1":1,"2":1,"3":1,"4":1,"5":1,"6":1,"7":1,"8":1,"9":0,"10":0,"11":0,"12":0,"13":0,"14":0,"15":0,"16":0,"17":0,"18":1,"19":0,"20":0,"21":0,"22":0,"23":0,"24":0,"25":0,"26":0,"27":1},"f":{"0":0,"1":0,"2":0,"3":0},"b":{"0":[0,0],"1":[0,0]},"_coverageSchema":"1a1c01bbd47fc00a2c39e90264f33305004495a9","hash":"df92603ff79b59dc20d2525f5a756a7257bc5ec3"}
,"/Users/gordonball/rithm/exercises/Node/express-jobly/routes/companies.js": {"path":"/Users/gordonball/rithm/exercises/Node/express-jobly/routes/companies.js","statementMap":{"0":{"start":{"line":5,"column":19},"end":{"line":5,"column":40}},"1":{"start":{"line":6,"column":16},"end":{"line":6,"column":34}},"2":{"start":{"line":8,"column":28},"end":{"line":8,"column":54}},"3":{"start":{"line":11,"column":4},"end":{"line":11,"column":33}},"4":{"start":{"line":12,"column":16},"end":{"line":12,"column":44}},"5":{"start":{"line":14,"column":25},"end":{"line":14,"column":62}},"6":{"start":{"line":15,"column":28},"end":{"line":15,"column":68}},"7":{"start":{"line":16,"column":25},"end":{"line":16,"column":62}},"8":{"start":{"line":18,"column":15},"end":{"line":18,"column":35}},"9":{"start":{"line":29,"column":0},"end":{"line":40,"column":3}},"10":{"start":{"line":30,"column":20},"end":{"line":32,"column":4}},"11":{"start":{"line":33,"column":2},"end":{"line":36,"column":3}},"12":{"start":{"line":34,"column":17},"end":{"line":34,"column":53}},"13":{"start":{"line":34,"column":45},"end":{"line":34,"column":52}},"14":{"start":{"line":35,"column":4},"end":{"line":35,"column":36}},"15":{"start":{"line":38,"column":18},"end":{"line":38,"column":48}},"16":{"start":{"line":39,"column":2},"end":{"line":39,"column":43}},"17":{"start":{"line":53,"column":0},"end":{"line":89,"column":3}},"18":{"start":{"line":54,"column":20},"end":{"line":64,"column":3}},"19":{"start":{"line":66,"column":2},"end":{"line":69,"column":3}},"20":{"start":{"line":67,"column":17},"end":{"line":67,"column":53}},"21":{"start":{"line":67,"column":45},"end":{"line":67,"column":52}},"22":{"start":{"line":68,"column":4},"end":{"line":68,"column":36}},"23":{"start":{"line":71,"column":2},"end":{"line":80,"column":3}},"24":{"start":{"line":75,"column":4},"end":{"line":79,"column":5}},"25":{"start":{"line":76,"column":6},"end":{"line":78,"column":8}},"26":{"start":{"line":82,"column":2},"end":{"line":85,"column":3}},"27":{"start":{"line":83,"column":22},"end":{"line":83,"column":45}},"28":{"start":{"line":84,"column":4},"end":{"line":84,"column":35}},"29":{"start":{"line":87,"column":20},"end":{"line":87,"column":51}},"30":{"start":{"line":88,"column":2},"end":{"line":88,"column":33}},"31":{"start":{"line":99,"column":0},"end":{"line":102,"column":3}},"32":{"start":{"line":100,"column":18},"end":{"line":100,"column":54}},"33":{"start":{"line":101,"column":2},"end":{"line":101,"column":31}},"34":{"start":{"line":115,"column":0},"end":{"line":126,"column":3}},"35":{"start":{"line":116,"column":20},"end":{"line":118,"column":4}},"36":{"start":{"line":119,"column":2},"end":{"line":122,"column":3}},"37":{"start":{"line":120,"column":17},"end":{"line":120,"column":53}},"38":{"start":{"line":120,"column":45},"end":{"line":120,"column":52}},"39":{"start":{"line":121,"column":4},"end":{"line":121,"column":36}},"40":{"start":{"line":124,"column":18},"end":{"line":124,"column":67}},"41":{"start":{"line":125,"column":2},"end":{"line":125,"column":31}},"42":{"start":{"line":133,"column":0},"end":{"line":136,"column":3}},"43":{"start":{"line":134,"column":2},"end":{"line":134,"column":42}},"44":{"start":{"line":135,"column":2},"end":{"line":135,"column":50}},"45":{"start":{"line":138,"column":0},"end":{"line":138,"column":24}}},"fnMap":{"0":{"name":"(anonymous_0)","decl":{"start":{"line":29,"column":32},"end":{"line":29,"column":33}},"loc":{"start":{"line":29,"column":64},"end":{"line":40,"column":1}},"line":29},"1":{"name":"(anonymous_1)","decl":{"start":{"line":34,"column":38},"end":{"line":34,"column":39}},"loc":{"start":{"line":34,"column":45},"end":{"line":34,"column":52}},"line":34},"2":{"name":"(anonymous_2)","decl":{"start":{"line":53,"column":16},"end":{"line":53,"column":17}},"loc":{"start":{"line":53,"column":48},"end":{"line":89,"column":1}},"line":53},"3":{"name":"(anonymous_3)","decl":{"start":{"line":67,"column":38},"end":{"line":67,"column":39}},"loc":{"start":{"line":67,"column":45},"end":{"line":67,"column":52}},"line":67},"4":{"name":"(anonymous_4)","decl":{"start":{"line":99,"column":23},"end":{"line":99,"column":24}},"loc":{"start":{"line":99,"column":55},"end":{"line":102,"column":1}},"line":99},"5":{"name":"(anonymous_5)","decl":{"start":{"line":115,"column":40},"end":{"line":115,"column":41}},"loc":{"start":{"line":115,"column":72},"end":{"line":126,"column":1}},"line":115},"6":{"name":"(anonymous_6)","decl":{"start":{"line":120,"column":38},"end":{"line":120,"column":39}},"loc":{"start":{"line":120,"column":45},"end":{"line":120,"column":52}},"line":120},"7":{"name":"(anonymous_7)","decl":{"start":{"line":133,"column":41},"end":{"line":133,"column":42}},"loc":{"start":{"line":133,"column":73},"end":{"line":136,"column":1}},"line":133}},"branchMap":{"0":{"loc":{"start":{"line":33,"column":2},"end":{"line":36,"column":3}},"type":"if","locations":[{"start":{"line":33,"column":2},"end":{"line":36,"column":3}},{"start":{},"end":{}}],"line":33},"1":{"loc":{"start":{"line":56,"column":20},"end":{"line":56,"column":76}},"type":"binary-expr","locations":[{"start":{"line":56,"column":20},"end":{"line":56,"column":42}},{"start":{"line":56,"column":46},"end":{"line":56,"column":76}}],"line":56},"2":{"loc":{"start":{"line":57,"column":20},"end":{"line":57,"column":76}},"type":"binary-expr","locations":[{"start":{"line":57,"column":20},"end":{"line":57,"column":42}},{"start":{"line":57,"column":46},"end":{"line":57,"column":76}}],"line":57},"3":{"loc":{"start":{"line":66,"column":2},"end":{"line":69,"column":3}},"type":"if","locations":[{"start":{"line":66,"column":2},"end":{"line":69,"column":3}},{"start":{},"end":{}}],"line":66},"4":{"loc":{"start":{"line":71,"column":2},"end":{"line":80,"column":3}},"type":"if","locations":[{"start":{"line":71,"column":2},"end":{"line":80,"column":3}},{"start":{},"end":{}}],"line":71},"5":{"loc":{"start":{"line":72,"column":4},"end":{"line":73,"column":40}},"type":"binary-expr","locations":[{"start":{"line":72,"column":4},"end":{"line":72,"column":40}},{"start":{"line":73,"column":4},"end":{"line":73,"column":40}}],"line":72},"6":{"loc":{"start":{"line":75,"column":4},"end":{"line":79,"column":5}},"type":"if","locations":[{"start":{"line":75,"column":4},"end":{"line":79,"column":5}},{"start":{},"end":{}}],"line":75},"7":{"loc":{"start":{"line":82,"column":2},"end":{"line":85,"column":3}},"type":"if","locations":[{"start":{"line":82,"column":2},"end":{"line":85,"column":3}},{"start":{},"end":{}}],"line":82},"8":{"loc":{"start":{"line":119,"column":2},"end":{"line":122,"column":3}},"type":"if","locations":[{"start":{"line":119,"column":2},"end":{"line":122,"column":3}},{"start":{},"end":{}}],"line":119}},"s":{"0":1,"1":1,"2":1,"3":1,"4":1,"5":1,"6":1,"7":1,"8":1,"9":1,"10":0,"11":0,"12":0,"13":0,"14":0,"15":0,"16":0,"17":1,"18":0,"19":0,"20":0,"21":0,"22":0,"23":0,"24":0,"25":0,"26":0,"27":0,"28":0,"29":0,"30":0,"31":1,"32":0,"33":0,"34":1,"35":0,"36":0,"37":0,"38":0,"39":0,"40":0,"41":0,"42":1,"43":0,"44":0,"45":1},"f":{"0":0,"1":0,"2":0,"3":0,"4":0,"5":0,"6":0,"7":0},"b":{"0":[0,0],"1":[0,0],"2":[0,0],"3":[0,0],"4":[0,0],"5":[0,0],"6":[0,0],"7":[0,0],"8":[0,0]},"_coverageSchema":"1a1c01bbd47fc00a2c39e90264f33305004495a9","hash":"18298c71fa88daf6fd90a78dffc2e883380056ad"}
,"/Users/gordonball/rithm/exercises/Node/express-jobly/routes/users.js": {"path":"/Users/gordonball/rithm/exercises/Node/express-jobly/routes/users.js","statementMap":{"0":{"start":{"line":5,"column":19},"end":{"line":5,"column":40}},"1":{"start":{"line":7,"column":16},"end":{"line":7,"column":34}},"2":{"start":{"line":12,"column":4},"end":{"line":12,"column":33}},"3":{"start":{"line":13,"column":28},"end":{"line":13,"column":54}},"4":{"start":{"line":14,"column":13},"end":{"line":14,"column":38}},"5":{"start":{"line":15,"column":24},"end":{"line":15,"column":52}},"6":{"start":{"line":16,"column":22},"end":{"line":16,"column":56}},"7":{"start":{"line":17,"column":25},"end":{"line":17,"column":62}},"8":{"start":{"line":19,"column":15},"end":{"line":19,"column":31}},"9":{"start":{"line":33,"column":0},"end":{"line":49,"column":2}},"10":{"start":{"line":37,"column":22},"end":{"line":39,"column":6}},"11":{"start":{"line":40,"column":4},"end":{"line":43,"column":5}},"12":{"start":{"line":41,"column":19},"end":{"line":41,"column":55}},"13":{"start":{"line":41,"column":47},"end":{"line":41,"column":54}},"14":{"start":{"line":42,"column":6},"end":{"line":42,"column":38}},"15":{"start":{"line":45,"column":17},"end":{"line":45,"column":46}},"16":{"start":{"line":46,"column":18},"end":{"line":46,"column":35}},"17":{"start":{"line":47,"column":4},"end":{"line":47,"column":49}},"18":{"start":{"line":58,"column":0},"end":{"line":65,"column":2}},"19":{"start":{"line":62,"column":18},"end":{"line":62,"column":38}},"20":{"start":{"line":63,"column":4},"end":{"line":63,"column":31}},"21":{"start":{"line":74,"column":0},"end":{"line":81,"column":2}},"22":{"start":{"line":78,"column":17},"end":{"line":78,"column":52}},"23":{"start":{"line":79,"column":4},"end":{"line":79,"column":30}},"24":{"start":{"line":93,"column":0},"end":{"line":108,"column":2}},"25":{"start":{"line":97,"column":22},"end":{"line":99,"column":6}},"26":{"start":{"line":100,"column":4},"end":{"line":103,"column":5}},"27":{"start":{"line":101,"column":19},"end":{"line":101,"column":55}},"28":{"start":{"line":101,"column":47},"end":{"line":101,"column":54}},"29":{"start":{"line":102,"column":6},"end":{"line":102,"column":38}},"30":{"start":{"line":105,"column":17},"end":{"line":105,"column":65}},"31":{"start":{"line":106,"column":4},"end":{"line":106,"column":30}},"32":{"start":{"line":115,"column":0},"end":{"line":122,"column":2}},"33":{"start":{"line":119,"column":4},"end":{"line":119,"column":43}},"34":{"start":{"line":120,"column":4},"end":{"line":120,"column":54}},"35":{"start":{"line":124,"column":0},"end":{"line":124,"column":24}}},"fnMap":{"0":{"name":"(anonymous_0)","decl":{"start":{"line":36,"column":2},"end":{"line":36,"column":3}},"loc":{"start":{"line":36,"column":34},"end":{"line":48,"column":3}},"line":36},"1":{"name":"(anonymous_1)","decl":{"start":{"line":41,"column":40},"end":{"line":41,"column":41}},"loc":{"start":{"line":41,"column":47},"end":{"line":41,"column":54}},"line":41},"2":{"name":"(anonymous_2)","decl":{"start":{"line":61,"column":2},"end":{"line":61,"column":3}},"loc":{"start":{"line":61,"column":34},"end":{"line":64,"column":3}},"line":61},"3":{"name":"(anonymous_3)","decl":{"start":{"line":77,"column":2},"end":{"line":77,"column":3}},"loc":{"start":{"line":77,"column":34},"end":{"line":80,"column":3}},"line":77},"4":{"name":"(anonymous_4)","decl":{"start":{"line":96,"column":2},"end":{"line":96,"column":3}},"loc":{"start":{"line":96,"column":34},"end":{"line":107,"column":3}},"line":96},"5":{"name":"(anonymous_5)","decl":{"start":{"line":101,"column":40},"end":{"line":101,"column":41}},"loc":{"start":{"line":101,"column":47},"end":{"line":101,"column":54}},"line":101},"6":{"name":"(anonymous_6)","decl":{"start":{"line":118,"column":2},"end":{"line":118,"column":3}},"loc":{"start":{"line":118,"column":34},"end":{"line":121,"column":3}},"line":118}},"branchMap":{"0":{"loc":{"start":{"line":40,"column":4},"end":{"line":43,"column":5}},"type":"if","locations":[{"start":{"line":40,"column":4},"end":{"line":43,"column":5}},{"start":{},"end":{}}],"line":40},"1":{"loc":{"start":{"line":100,"column":4},"end":{"line":103,"column":5}},"type":"if","locations":[{"start":{"line":100,"column":4},"end":{"line":103,"column":5}},{"start":{},"end":{}}],"line":100}},"s":{"0":1,"1":1,"2":1,"3":1,"4":1,"5":1,"6":1,"7":1,"8":1,"9":1,"10":4,"11":4,"12":2,"13":5,"14":2,"15":2,"16":2,"17":2,"18":1,"19":2,"20":1,"21":1,"22":4,"23":3,"24":1,"25":4,"26":4,"27":1,"28":1,"29":1,"30":3,"31":2,"32":1,"33":4,"34":3,"35":1},"f":{"0":4,"1":5,"2":2,"3":4,"4":4,"5":1,"6":4},"b":{"0":[2,2],"1":[1,3]},"_coverageSchema":"1a1c01bbd47fc00a2c39e90264f33305004495a9","hash":"27ea3a7eac122258e9b053609d19cc08ab73ac50"}
}
