{"/home/chris/rithm/exercises/express-jobly/expressError.js": {"path":"/home/chris/rithm/exercises/express-jobly/expressError.js","statementMap":{"0":{"start":{"line":9,"column":4},"end":{"line":9,"column":12}},"1":{"start":{"line":10,"column":4},"end":{"line":10,"column":27}},"2":{"start":{"line":11,"column":4},"end":{"line":11,"column":25}},"3":{"start":{"line":19,"column":4},"end":{"line":19,"column":24}},"4":{"start":{"line":27,"column":4},"end":{"line":27,"column":24}},"5":{"start":{"line":35,"column":4},"end":{"line":35,"column":24}},"6":{"start":{"line":43,"column":4},"end":{"line":43,"column":24}},"7":{"start":{"line":47,"column":0},"end":{"line":53,"column":2}}},"fnMap":{"0":{"name":"(anonymous_0)","decl":{"start":{"line":8,"column":2},"end":{"line":8,"column":3}},"loc":{"start":{"line":8,"column":31},"end":{"line":12,"column":3}},"line":8},"1":{"name":"(anonymous_1)","decl":{"start":{"line":18,"column":2},"end":{"line":18,"column":3}},"loc":{"start":{"line":18,"column":37},"end":{"line":20,"column":3}},"line":18},"2":{"name":"(anonymous_2)","decl":{"start":{"line":26,"column":2},"end":{"line":26,"column":3}},"loc":{"start":{"line":26,"column":40},"end":{"line":28,"column":3}},"line":26},"3":{"name":"(anonymous_3)","decl":{"start":{"line":34,"column":2},"end":{"line":34,"column":3}},"loc":{"start":{"line":34,"column":39},"end":{"line":36,"column":3}},"line":34},"4":{"name":"(anonymous_4)","decl":{"start":{"line":42,"column":2},"end":{"line":42,"column":3}},"loc":{"start":{"line":42,"column":39},"end":{"line":44,"column":3}},"line":42}},"branchMap":{"0":{"loc":{"start":{"line":18,"column":14},"end":{"line":18,"column":35}},"type":"default-arg","locations":[{"start":{"line":18,"column":24},"end":{"line":18,"column":35}}],"line":18},"1":{"loc":{"start":{"line":26,"column":14},"end":{"line":26,"column":38}},"type":"default-arg","locations":[{"start":{"line":26,"column":24},"end":{"line":26,"column":38}}],"line":26},"2":{"loc":{"start":{"line":34,"column":14},"end":{"line":34,"column":37}},"type":"default-arg","locations":[{"start":{"line":34,"column":24},"end":{"line":34,"column":37}}],"line":34},"3":{"loc":{"start":{"line":42,"column":14},"end":{"line":42,"column":37}},"type":"default-arg","locations":[{"start":{"line":42,"column":24},"end":{"line":42,"column":37}}],"line":42}},"s":{"0":1,"1":1,"2":1,"3":0,"4":0,"5":1,"6":0,"7":1},"f":{"0":1,"1":0,"2":0,"3":1,"4":0},"b":{"0":[0],"1":[0],"2":[0],"3":[0]},"_coverageSchema":"1a1c01bbd47fc00a2c39e90264f33305004495a9","hash":"09bf569f7420dffda631e5e2c7e383a40fede4b8"}
,"/home/chris/rithm/exercises/express-jobly/helpers/sql.js": {"path":"/home/chris/rithm/exercises/express-jobly/helpers/sql.js","statementMap":{"0":{"start":{"line":1,"column":28},"end":{"line":1,"column":54}},"1":{"start":{"line":16,"column":15},"end":{"line":16,"column":40}},"2":{"start":{"line":17,"column":2},"end":{"line":17,"column":62}},"3":{"start":{"line":17,"column":25},"end":{"line":17,"column":62}},"4":{"start":{"line":20,"column":15},"end":{"line":22,"column":3}},"5":{"start":{"line":21,"column":22},"end":{"line":21,"column":68}},"6":{"start":{"line":24,"column":2},"end":{"line":27,"column":4}},"7":{"start":{"line":30,"column":0},"end":{"line":30,"column":41}}},"fnMap":{"0":{"name":"sqlForPartialUpdate","decl":{"start":{"line":15,"column":9},"end":{"line":15,"column":28}},"loc":{"start":{"line":15,"column":52},"end":{"line":28,"column":1}},"line":15},"1":{"name":"(anonymous_1)","decl":{"start":{"line":21,"column":4},"end":{"line":21,"column":5}},"loc":{"start":{"line":21,"column":22},"end":{"line":21,"column":68}},"line":21}},"branchMap":{"0":{"loc":{"start":{"line":17,"column":2},"end":{"line":17,"column":62}},"type":"if","locations":[{"start":{"line":17,"column":2},"end":{"line":17,"column":62}},{"start":{},"end":{}}],"line":17},"1":{"loc":{"start":{"line":21,"column":26},"end":{"line":21,"column":53}},"type":"binary-expr","locations":[{"start":{"line":21,"column":26},"end":{"line":21,"column":42}},{"start":{"line":21,"column":46},"end":{"line":21,"column":53}}],"line":21}},"s":{"0":1,"1":3,"2":3,"3":1,"4":2,"5":4,"6":2,"7":1},"f":{"0":3,"1":4},"b":{"0":[1,2],"1":[4,3]},"_coverageSchema":"1a1c01bbd47fc00a2c39e90264f33305004495a9","hash":"775f1422d68acee5cf718b87447539b5542c7423"}
}
