TN:
SF:app.js
FN:29,(anonymous_0)
FN:34,(anonymous_1)
FNF:2
FNH:1
FNDA:0,(anonymous_0)
FNDA:16,(anonymous_1)
DA:5,1
DA:6,1
DA:8,1
DA:10,1
DA:11,1
DA:12,1
DA:13,1
DA:15,1
DA:17,1
DA:19,1
DA:20,1
DA:21,1
DA:22,1
DA:24,1
DA:25,1
DA:26,1
DA:29,1
DA:30,0
DA:34,1
DA:35,16
DA:36,16
DA:37,16
DA:39,16
DA:44,1
LF:24
LH:23
BRDA:35,0,0,0
BRDA:35,0,1,16
BRDA:36,1,0,16
BRDA:36,1,1,1
BRF:4
BRH:3
end_of_record
TN:
SF:config.js
FN:13,getDatabaseUri
FNF:1
FNH:1
FNDA:2,getDatabaseUri
DA:5,1
DA:6,1
DA:8,1
DA:10,1
DA:14,2
DA:22,1
DA:24,1
DA:25,1
DA:26,1
DA:27,1
DA:28,1
DA:29,1
DA:31,1
LF:13
LH:13
BRDA:8,0,0,1
BRDA:8,0,1,0
BRDA:10,1,0,1
BRDA:10,1,1,1
BRDA:14,2,0,2
BRDA:14,2,1,0
BRDA:15,3,0,2
BRDA:15,3,1,0
BRDA:16,4,0,0
BRDA:16,4,1,0
BRDA:22,5,0,1
BRDA:22,5,1,0
BRF:12
BRH:6
end_of_record
TN:
SF:db.js
FNF:0
FNH:0
DA:5,1
DA:6,1
DA:8,1
DA:12,1
DA:14,1
LF:5
LH:5
BRF:0
BRH:0
end_of_record
TN:
SF:expressError.js
FN:8,(anonymous_0)
FN:18,(anonymous_1)
FN:26,(anonymous_2)
FN:34,(anonymous_3)
FN:42,(anonymous_4)
FNF:5
FNH:4
FNDA:15,(anonymous_0)
FNDA:3,(anonymous_1)
FNDA:5,(anonymous_2)
FNDA:7,(anonymous_3)
FNDA:0,(anonymous_4)
DA:9,15
DA:10,15
DA:11,15
DA:19,3
DA:27,5
DA:35,7
DA:43,0
DA:47,1
LF:8
LH:7
BRDA:18,0,0,0
BRDA:26,1,0,5
BRDA:34,2,0,0
BRDA:42,3,0,0
BRF:4
BRH:1
end_of_record
TN:
SF:helpers/makeWhere.js
FN:9,makeWhere
FNF:1
FNH:1
FNDA:2,makeWhere
DA:10,2
DA:11,2
DA:12,2
DA:14,2
DA:15,1
DA:16,1
DA:17,1
DA:19,2
DA:20,0
DA:21,0
DA:22,0
DA:24,2
DA:25,1
DA:26,1
DA:27,1
DA:30,2
DA:33,1
LF:17
LH:14
BRDA:14,0,0,1
BRDA:14,0,1,1
BRDA:14,1,0,2
BRDA:14,1,1,1
BRDA:19,2,0,0
BRDA:19,2,1,2
BRDA:24,3,0,1
BRDA:24,3,1,1
BRF:8
BRH:7
end_of_record
TN:
SF:helpers/sql.js
FN:15,sqlForPartialUpdate
FN:21,(anonymous_1)
FNF:2
FNH:2
FNDA:2,sqlForPartialUpdate
FNDA:2,(anonymous_1)
DA:1,1
DA:16,2
DA:17,2
DA:20,2
DA:21,2
DA:24,2
DA:30,1
LF:7
LH:7
BRDA:17,0,0,0
BRDA:17,0,1,2
BRDA:21,1,0,2
BRDA:21,1,1,2
BRF:4
BRH:3
end_of_record
TN:
SF:helpers/tokens.js
FN:6,createToken
FNF:1
FNH:1
FNDA:2,createToken
DA:1,1
DA:2,1
DA:7,2
DA:10,2
DA:15,2
DA:18,1
LF:6
LH:6
BRDA:12,0,0,2
BRDA:12,0,1,1
BRF:2
BRH:2
end_of_record
TN:
SF:middleware/auth.js
FN:17,authenticateJWT
FN:35,ensureLoggedIn
FN:44,ensureIsAdmin
FNF:3
FNH:3
FNDA:25,authenticateJWT
FNDA:14,ensureLoggedIn
FNDA:12,ensureIsAdmin
DA:5,1
DA:6,1
DA:7,1
DA:18,25
DA:19,25
DA:20,25
DA:21,13
DA:22,13
DA:24,25
DA:26,0
DA:36,14
DA:37,12
DA:45,12
DA:46,9
DA:49,1
LF:15
LH:14
BRDA:19,0,0,25
BRDA:19,0,1,25
BRDA:20,1,0,13
BRDA:20,1,1,12
BRDA:36,2,0,2
BRDA:36,2,1,12
BRDA:45,3,0,3
BRDA:45,3,1,9
BRF:8
BRH:8
end_of_record
TN:
SF:models/company.js
FN:20,(anonymous_0)
FN:53,(anonymous_1)
FN:74,(anonymous_2)
FN:105,(anonymous_3)
FN:130,(anonymous_4)
FN:146,(anonymous_5)
FNF:6
FNH:6
FNDA:4,(anonymous_0)
FNDA:3,(anonymous_1)
FNDA:3,(anonymous_2)
FNDA:2,(anonymous_3)
FNDA:2,(anonymous_4)
FNDA:2,(anonymous_5)
DA:3,1
DA:4,1
DA:5,1
DA:6,1
DA:21,4
DA:28,4
DA:29,0
DA:31,4
DA:43,4
DA:45,4
DA:54,3
DA:63,2
DA:75,3
DA:86,3
DA:88,3
DA:90,2
DA:106,2
DA:110,2
DA:112,2
DA:117,2
DA:118,2
DA:120,2
DA:122,1
DA:131,2
DA:138,2
DA:140,2
DA:147,2
DA:153,2
DA:155,2
DA:167,2
DA:171,1
LF:31
LH:30
BRDA:28,0,0,0
BRDA:28,0,1,4
BRDA:88,1,0,1
BRDA:88,1,1,2
BRDA:120,2,0,1
BRDA:120,2,1,1
BRDA:140,3,0,1
BRDA:140,3,1,1
BRF:8
BRH:7
end_of_record
TN:
SF:models/user.js
FN:24,(anonymous_0)
FN:59,(anonymous_1)
FN:104,(anonymous_2)
FN:126,(anonymous_3)
FN:162,(anonymous_4)
FN:195,(anonymous_5)
FNF:6
FNH:1
FNDA:0,(anonymous_0)
FNDA:3,(anonymous_1)
FNDA:0,(anonymous_2)
FNDA:0,(anonymous_3)
FNDA:0,(anonymous_4)
FNDA:0,(anonymous_5)
DA:3,1
DA:4,1
DA:5,1
DA:10,1
DA:12,1
DA:26,0
DA:38,0
DA:40,0
DA:42,0
DA:43,0
DA:44,0
DA:45,0
DA:49,0
DA:61,3
DA:68,3
DA:69,0
DA:72,3
DA:74,3
DA:94,3
DA:96,3
DA:105,0
DA:115,0
DA:127,0
DA:138,0
DA:140,0
DA:142,0
DA:163,0
DA:164,0
DA:167,0
DA:174,0
DA:176,0
DA:184,0
DA:185,0
DA:187,0
DA:189,0
DA:190,0
DA:196,0
DA:203,0
DA:205,0
DA:210,1
LF:40
LH:12
BRDA:40,0,0,0
BRDA:40,0,1,0
BRDA:43,1,0,0
BRDA:43,1,1,0
BRDA:68,2,0,0
BRDA:68,2,1,3
BRDA:140,3,0,0
BRDA:140,3,1,0
BRDA:163,4,0,0
BRDA:163,4,1,0
BRDA:187,5,0,0
BRDA:187,5,1,0
BRDA:205,6,0,0
BRDA:205,6,1,0
BRF:14
BRH:1
end_of_record
TN:
SF:routes/_testCommon.js
FN:8,commonBeforeAll
FN:62,commonBeforeEach
FN:66,commonAfterEach
FN:70,commonAfterAll
FNF:4
FNH:4
FNDA:1,commonBeforeAll
FNDA:25,commonBeforeEach
FNDA:25,commonAfterEach
FNDA:1,commonAfterAll
DA:3,1
DA:4,1
DA:5,1
DA:6,1
DA:10,1
DA:12,1
DA:14,1
DA:21,1
DA:28,1
DA:36,1
DA:44,1
DA:52,1
DA:63,25
DA:67,25
DA:71,1
DA:74,1
DA:75,1
DA:77,1
LF:18
LH:18
BRF:0
BRH:0
end_of_record
TN:
SF:routes/auth.js
FN:22,(anonymous_0)
FN:29,(anonymous_1)
FN:49,(anonymous_2)
FN:56,(anonymous_3)
FNF:4
FNH:0
FNDA:0,(anonymous_0)
FNDA:0,(anonymous_1)
FNDA:0,(anonymous_2)
FNDA:0,(anonymous_3)
DA:5,1
DA:7,1
DA:8,1
DA:9,1
DA:10,1
DA:11,1
DA:12,1
DA:13,1
DA:22,1
DA:23,0
DA:28,0
DA:29,0
DA:30,0
DA:33,0
DA:34,0
DA:35,0
DA:36,0
DA:49,1
DA:50,0
DA:55,0
DA:56,0
DA:57,0
DA:60,0
DA:61,0
DA:62,0
DA:66,1
LF:26
LH:11
BRDA:28,0,0,0
BRDA:28,0,1,0
BRDA:55,1,0,0
BRDA:55,1,1,0
BRF:4
BRH:0
end_of_record
TN:
SF:routes/companies.js
FN:30,(anonymous_0)
FN:35,(anonymous_1)
FN:55,(anonymous_2)
FN:69,(anonymous_3)
FN:101,(anonymous_4)
FN:120,(anonymous_5)
FN:125,(anonymous_6)
FN:142,(anonymous_7)
FNF:8
FNH:8
FNDA:3,(anonymous_0)
FNDA:3,(anonymous_1)
FNDA:8,(anonymous_2)
FNDA:2,(anonymous_3)
FNDA:3,(anonymous_4)
FNDA:4,(anonymous_5)
FNDA:2,(anonymous_6)
FNDA:2,(anonymous_7)
DA:5,1
DA:6,1
DA:8,1
DA:9,1
DA:10,1
DA:12,1
DA:13,1
DA:14,1
DA:16,1
DA:27,1
DA:31,3
DA:34,3
DA:35,3
DA:36,2
DA:39,1
DA:40,1
DA:55,1
DA:56,8
DA:68,8
DA:69,2
DA:70,2
DA:73,6
DA:77,1
DA:78,1
DA:84,5
DA:85,3
DA:86,2
DA:89,2
DA:90,2
DA:101,1
DA:102,3
DA:103,2
DA:117,1
DA:121,4
DA:124,4
DA:125,2
DA:126,2
DA:129,2
DA:130,1
DA:139,1
DA:143,2
DA:144,1
DA:148,1
LF:43
LH:43
BRDA:34,0,0,2
BRDA:34,0,1,1
BRDA:58,1,0,8
BRDA:58,1,1,2
BRDA:59,2,0,8
BRDA:59,2,1,3
BRDA:68,3,0,2
BRDA:68,3,1,6
BRDA:73,4,0,1
BRDA:73,4,1,5
BRDA:74,5,0,6
BRDA:74,5,1,2
BRDA:77,6,0,1
BRDA:77,6,1,0
BRDA:84,7,0,3
BRDA:84,7,1,2
BRDA:124,8,0,2
BRDA:124,8,1,2
BRF:18
BRH:17
end_of_record
TN:
SF:routes/users.js
FN:30,(anonymous_0)
FN:37,(anonymous_1)
FN:54,(anonymous_2)
FN:67,(anonymous_3)
FN:83,(anonymous_4)
FN:90,(anonymous_5)
FN:104,(anonymous_6)
FNF:7
FNH:0
FNDA:0,(anonymous_0)
FNDA:0,(anonymous_1)
FNDA:0,(anonymous_2)
FNDA:0,(anonymous_3)
FNDA:0,(anonymous_4)
FNDA:0,(anonymous_5)
FNDA:0,(anonymous_6)
DA:5,1
DA:7,1
DA:8,1
DA:9,1
DA:10,1
DA:11,1
DA:12,1
DA:13,1
DA:15,1
DA:30,1
DA:31,0
DA:36,0
DA:37,0
DA:38,0
DA:41,0
DA:42,0
DA:43,0
DA:54,1
DA:55,0
DA:56,0
DA:67,1
DA:68,0
DA:69,0
DA:83,1
DA:84,0
DA:89,0
DA:90,0
DA:91,0
DA:94,0
DA:95,0
DA:104,1
DA:105,0
DA:106,0
DA:110,1
LF:34
LH:15
BRDA:36,0,0,0
BRDA:36,0,1,0
BRDA:89,1,0,0
BRDA:89,1,1,0
BRF:4
BRH:0
end_of_record
